BLEToolbox/app/proguard-rules.pro
# Add project specific ProGuard rules here.
# By default, the flags in this file are appended to flags specified
# in /Volumes/DATA/App/Android/tools/proguard/proguard-android.txt
# You can edit the include path and order by changing the proguardFiles
# directive in build.gradle.
#
# For more details, see
#   http://developer.android.com/guide/developing/tools/proguard.html

# Add any project specific keep options here:

# If your project uses WebView with JS, uncomment the following
# and specify the fully qualified class name to the JavaScript interface
# class:
#-keepclassmembers class fqcn.of.javascript.interface.for.webview {
#   public *;
#}
# Android support v7
-keep class android.support.v7.widget.Toolbar { *; }

# Android Design Library
-dontwarn android.support.design.**
-keep class android.support.design.** { *; }
-keep interface android.support.design.** { *; }
-keep public class android.support.design.R$* { *; }

# EventBus
-keepclassmembers class ** {
    public void onEvent*(**);
}

# Butterknife
-keep class butterknife.** { *; }
-dontwarn butterknife.internal.**
-keep class **$$ViewBinder { *; }

-keepclasseswithmembernames class * {
    @butterknife.* <fields>;
}

-keepclasseswithmembernames class * {
    @butterknife.* <methods>;
}

# Chart
-keep class com.github.mikephil.charting.** { *; }

# Realm
-keep class io.realm.annotations.RealmModule
-keep @io.realm.annotations.RealmModule class *
-dontwarn javax.**
-dontwarn io.realm.**