BLEToolbox/app/build/outputs/mapping/release/seeds.txt
com.freescale.bletoolbox.BLEToolbox
com.freescale.bletoolbox.BLEToolbox: BLEToolbox()
com.freescale.bletoolbox.CreatePasswordActivity
com.freescale.bletoolbox.CreatePasswordActivity: CreatePasswordActivity()
com.freescale.bletoolbox.R$anim: int abc_fade_in
com.freescale.bletoolbox.R$anim: int abc_fade_out
com.freescale.bletoolbox.R$anim: int abc_grow_fade_in_from_bottom
com.freescale.bletoolbox.R$anim: int abc_popup_enter
com.freescale.bletoolbox.R$anim: int abc_popup_exit
com.freescale.bletoolbox.R$anim: int abc_shrink_fade_out_from_bottom
com.freescale.bletoolbox.R$anim: int abc_slide_in_bottom
com.freescale.bletoolbox.R$anim: int abc_slide_in_top
com.freescale.bletoolbox.R$anim: int abc_slide_out_bottom
com.freescale.bletoolbox.R$anim: int abc_slide_out_top
com.freescale.bletoolbox.R$anim: int decelerate_cubic
com.freescale.bletoolbox.R$anim: int popup_enter
com.freescale.bletoolbox.R$anim: int popup_exit
com.freescale.bletoolbox.R$array: int remote_control_supported_tv
com.freescale.bletoolbox.R$array: int sensor_register_operation
com.freescale.bletoolbox.R$array: int sensor_register_type
com.freescale.bletoolbox.R$array: int sensor_type_list
com.freescale.bletoolbox.R$attr: int actionBarDivider
com.freescale.bletoolbox.R$attr: int actionBarItemBackground
com.freescale.bletoolbox.R$attr: int actionBarPopupTheme
com.freescale.bletoolbox.R$attr: int actionBarSize
com.freescale.bletoolbox.R$attr: int actionBarSplitStyle
com.freescale.bletoolbox.R$attr: int actionBarStyle
com.freescale.bletoolbox.R$attr: int actionBarTabBarStyle
com.freescale.bletoolbox.R$attr: int actionBarTabStyle
com.freescale.bletoolbox.R$attr: int actionBarTabTextStyle
com.freescale.bletoolbox.R$attr: int actionBarTheme
com.freescale.bletoolbox.R$attr: int actionBarWidgetTheme
com.freescale.bletoolbox.R$attr: int actionButtonStyle
com.freescale.bletoolbox.R$attr: int actionDropDownStyle
com.freescale.bletoolbox.R$attr: int actionLayout
com.freescale.bletoolbox.R$attr: int actionMenuTextAppearance
com.freescale.bletoolbox.R$attr: int actionMenuTextColor
com.freescale.bletoolbox.R$attr: int actionModeBackground
com.freescale.bletoolbox.R$attr: int actionModeCloseButtonStyle
com.freescale.bletoolbox.R$attr: int actionModeCloseDrawable
com.freescale.bletoolbox.R$attr: int actionModeCopyDrawable
com.freescale.bletoolbox.R$attr: int actionModeCutDrawable
com.freescale.bletoolbox.R$attr: int actionModeFindDrawable
com.freescale.bletoolbox.R$attr: int actionModePasteDrawable
com.freescale.bletoolbox.R$attr: int actionModePopupWindowStyle
com.freescale.bletoolbox.R$attr: int actionModeSelectAllDrawable
com.freescale.bletoolbox.R$bool: int abc_action_bar_embed_tabs
com.freescale.bletoolbox.R$bool: int abc_allow_stacked_button_bar
com.freescale.bletoolbox.R$bool: int abc_config_actionMenuItemAllCaps
com.freescale.bletoolbox.R$bool: int abc_config_closeDialogWhenTouchOutside
com.freescale.bletoolbox.R$bool: int abc_config_showMenuShortcutsWhenKeyboardPresent
com.freescale.bletoolbox.R$bool: int md_is_tablet
...
android.support.v7.appcompat.R$styleable: int[] ActionBar
android.support.v7.appcompat.R$styleable: int ActionBar_height
android.support.v7.appcompat.R$styleable: int ActionBar_title
android.support.v7.appcompat.R$styleable: int ActionBar_navigationMode
android.support.v7.appcompat.R$styleable: int ActionBar_displayOptions
android.support.v7.appcompat.R$styleable: int ActionBar_subtitle
android.support.v7.appcompat.R$styleable: int ActionBar_titleTextStyle
android.support.v7.appcompat.R$styleable: int ActionBar_subtitleTextStyle
android.support.v7.appcompat.R$styleable: int ActionBar_icon
android.support.v7.appcompat.R$styleable: int ActionBar_logo
android.support.v7.appcompat.R$styleable: int ActionBar_divider
android.support.v7.appcompat.R$styleable: int ActionBar_background
android.support.v7.appcompat.R$styleable: int ActionBar_backgroundStacked
android.support.v7.appcompat.R$styleable: int ActionBar_backgroundSplit
android.support.v7.appcompat.R$styleable: int ActionBar_customNavigationLayout
android.support.v7.appcompat.R$styleable: int ActionBar_homeLayout
android.support.v7.appcompat.R$styleable: int ActionBar_progressBarStyle
android.support.v7.appcompat.R$styleable: int ActionBar_indeterminateProgressStyle
android.support.v7.appcompat.R$styleable: int ActionBar_progressBarPadding
android.support.v7.appcompat.R$styleable: int ActionBar_itemPadding
android.support.v7.appcompat.R$styleable: int ActionBar_hideOnContentScroll
android.support.v7.recyclerview.R$attr: int layoutManager
android.support.v7.recyclerview.R$attr: int reverseLayout
android.support.v7.recyclerview.R$attr: int spanCount
android.support.v7.recyclerview.R$attr: int stackFromEnd
android.support.v7.recyclerview.R$dimen: int item_touch_helper_max_drag_scroll_per_frame
android.support.v7.recyclerview.R$dimen: int item_touch_helper_swipe_escape_max_velocity
android.support.v7.recyclerview.R$dimen: int item_touch_helper_swipe_escape_velocity
android.support.v7.recyclerview.R$id: int item_touch_helper_previous_elevation
android.support.v7.recyclerview.R$styleable: int[] RecyclerView
android.support.v7.recyclerview.R$styleable: int RecyclerView_android_orientation
android.support.v7.recyclerview.R$styleable: int RecyclerView_android_descendantFocusability
android.support.v7.recyclerview.R$styleable: int RecyclerView_layoutManager
android.support.v7.recyclerview.R$styleable: int RecyclerView_spanCount
android.support.v7.recyclerview.R$styleable: int RecyclerView_reverseLayout
android.support.v7.recyclerview.R$styleable: int RecyclerView_stackFromEnd
android.support.v7.view.menu.ActionMenuItemView
android.support.v7.view.menu.ActionMenuItemView: ActionMenuItemView(android.content.Context)
android.support.v7.view.menu.ActionMenuItemView: ActionMenuItemView(android.content.Context,android.util.AttributeSet)
android.support.v7.view.menu.ActionMenuItemView: ActionMenuItemView(android.content.Context,android.util.AttributeSet,int)
android.support.v7.view.menu.ActionMenuItemView: android.support.v7.view.menu.MenuItemImpl getItemData()
android.support.v7.view.menu.ActionMenuItemView: void setItemInvoker(android.support.v7.view.menu.MenuBuilder$ItemInvoker)
android.support.v7.view.menu.ActionMenuItemView: void setPopupCallback(android.support.v7.view.menu.ActionMenuItemView$PopupCallback)
android.support.v7.view.menu.ActionMenuItemView: void setCheckable(boolean)
android.support.v7.view.menu.ActionMenuItemView: void setChecked(boolean)
android.support.v7.view.menu.ActionMenuItemView: void setExpandedFormat(boolean)
android.support.v7.view.menu.ActionMenuItemView: void setIcon(android.graphics.drawable.Drawable)
android.support.v7.view.menu.ActionMenuItemView: void setTitle(java.lang.CharSequence)