BLEToolbox/app/build/outputs/mapping/release/mapping.txt
com.freescale.bletoolbox.AppConfig -> com.freescale.bletoolbox.a:
    java.util.LinkedHashMap WHEEL_CIRCUMFERENCES -> a
    java.lang.String[] SUPPORTED_BEACON_LAYOUTS -> b
    void <clinit>() -> <clinit>
com.freescale.bletoolbox.AppConfig$1 -> com.freescale.bletoolbox.a$1:
    void <init>() -> <init>
com.freescale.bletoolbox.BLEToolbox -> com.freescale.bletoolbox.BLEToolbox:
    void <init>() -> <init>
    void onCreate() -> onCreate
com.freescale.bletoolbox.BLEToolbox$1 -> com.freescale.bletoolbox.BLEToolbox$1:
    com.freescale.bletoolbox.BLEToolbox this$0 -> a
    void <init>(com.freescale.bletoolbox.BLEToolbox) -> <init>
    void onReceive(android.content.Context,android.content.Intent) -> onReceive
com.freescale.bletoolbox.BLEToolbox$2 -> com.freescale.bletoolbox.BLEToolbox$2:
    com.freescale.bletoolbox.BLEToolbox this$0 -> a
    void <init>(com.freescale.bletoolbox.BLEToolbox) -> <init>
    void onReceive(android.content.Context,android.content.Intent) -> onReceive
com.freescale.bletoolbox.CreatePasswordActivity -> com.freescale.bletoolbox.CreatePasswordActivity:
    void <init>() -> <init>
    void onCreate(android.os.Bundle) -> onCreate
com.freescale.bletoolbox.activity.BaseActivity -> com.freescale.bletoolbox.activity.a:
    void <init>() -> <init>
    void onCreate(android.os.Bundle) -> onCreate
    void onDestroy() -> onDestroy
    void showKeyboard(android.view.View) -> a
    void hideKeyboard() -> e
com.freescale.bletoolbox.activity.BaseScanActivity -> com.freescale.bletoolbox.activity.BaseScanActivity:
    android.support.v7.widget.RecyclerView mRecyclerView -> mRecyclerView
    android.os.Handler mHandler -> t
    java.lang.Runnable mListRefresher -> u
    java.lang.Runnable mContinuouslyScan -> v
    java.lang.Runnable mScanStopScheduler -> w
    android.bluetooth.BluetoothAdapter mBluetoothAdapter -> m
    android.bluetooth.BluetoothAdapter$LeScanCallback mLeScanCallback -> n
    android.bluetooth.le.BluetoothLeScanner mScanner -> o
    android.bluetooth.le.ScanCallback mCallback -> p
    boolean isScanning -> q
    boolean requestingBluetoothEnable -> r
    java.util.UUID targetUuid -> s
    void <init>() -> <init>
    void onEventMainThread(com.freescale.bletoolbox.event.BLEStateEvent$BluetoothStateChanged) -> onEventMainThread
    boolean onCreateOptionsMenu(android.view.Menu) -> onCreateOptionsMenu
    boolean onPrepareOptionsMenu(android.view.Menu) -> onPrepareOptionsMenu
    boolean onOptionsItemSelected(android.view.MenuItem) -> onOptionsItemSelected
    void onActivityResult(int,int,android.content.Intent) -> onActivityResult
    void onCreate(android.os.Bundle) -> onCreate
    void onResume() -> onResume
    void onPause() -> onPause
    void onDestroy() -> onDestroy
    boolean isBeaconScanning() -> f
    void clearData() -> g
    void appendDevice(android.bluetooth.BluetoothDevice,int,byte[]) -> a
    void initList() -> h
    void refreshList() -> i
com.freescale.bletoolbox.activity.BaseScanActivity$$ViewBinder -> com.freescale.bletoolbox.activity.BaseScanActivity$$ViewBinder:
    void <init>() -> <init>
    void bind(butterknife.ButterKnife$Finder,com.freescale.bletoolbox.activity.BaseScanActivity,java.lang.Object) -> bind
    void unbind(com.freescale.bletoolbox.activity.BaseScanActivity) -> unbind
    void unbind(java.lang.Object) -> unbind
    void bind(butterknife.ButterKnife$Finder,java.lang.Object,java.lang.Object) -> bind
com.freescale.bletoolbox.activity.BaseScanActivity$1 -> com.freescale.bletoolbox.activity.BaseScanActivity$1:
    com.freescale.bletoolbox.activity.BaseScanActivity this$0 -> a
    void <init>(com.freescale.bletoolbox.activity.BaseScanActivity) -> <init>
    void run() -> run
com.freescale.bletoolbox.activity.BaseScanActivity$2 -> com.freescale.bletoolbox.activity.BaseScanActivity$2:
    com.freescale.bletoolbox.activity.BaseScanActivity this$0 -> a
    void <init>(com.freescale.bletoolbox.activity.BaseScanActivity) -> <init>
    void run() -> run
...
android.support.graphics.drawable.VectorDrawableCompat -> android.support.a.a.f:
    android.graphics.PorterDuff$Mode DEFAULT_TINT_MODE -> b
    android.support.graphics.drawable.VectorDrawableCompat$VectorDrawableCompatState mVectorState -> c
    android.graphics.PorterDuffColorFilter mTintFilter -> e
    android.graphics.ColorFilter mColorFilter -> f
    boolean mMutated -> g
    boolean mAllowCaching -> d
    android.graphics.drawable.Drawable$ConstantState mCachedConstantStateDelegate -> h
    float[] mTmpFloats -> i
    android.graphics.Matrix mTmpMatrix -> j
    android.graphics.Rect mTmpBounds -> k
    void <init>() -> <init>
    void <init>(android.support.graphics.drawable.VectorDrawableCompat$VectorDrawableCompatState) -> <init>
    android.graphics.drawable.Drawable mutate() -> mutate
    android.graphics.drawable.Drawable$ConstantState getConstantState() -> getConstantState
    void draw(android.graphics.Canvas) -> draw
    int getAlpha() -> getAlpha
    void setAlpha(int) -> setAlpha
    void setColorFilter(android.graphics.ColorFilter) -> setColorFilter
    android.graphics.PorterDuffColorFilter updateTintFilter$5c32a288(android.content.res.ColorStateList,android.graphics.PorterDuff$Mode) -> a
    void setTint(int) -> setTint
    void setTintList(android.content.res.ColorStateList) -> setTintList
    void setTintMode(android.graphics.PorterDuff$Mode) -> setTintMode
    boolean isStateful() -> isStateful
    boolean onStateChange(int[]) -> onStateChange
android.support.graphics.drawable.VectorDrawableCompat$VClipPath -> android.support.a.a.f$a:
    void <init>() -> <init>
    void <init>(android.support.graphics.drawable.VectorDrawableCompat$VClipPath) -> <init>
    void updateStateFromTypedArray(android.content.res.TypedArray) -> a
    boolean isClipPath() -> a
android.support.graphics.drawable.VectorDrawableCompat$VFullPath -> android.support.a.a.f$b:
    int[] mThemeAttrs -> p
    int mStrokeColor -> a
    float mStrokeWidth -> b
    int mFillColor -> c
    float mStrokeAlpha -> d
    int mFillRule -> e
    float mFillAlpha -> f
    float mTrimPathStart -> g
    float mTrimPathEnd -> h
    float mTrimPathOffset -> i
    android.graphics.Paint$Cap mStrokeLineCap -> j
    android.graphics.Paint$Join mStrokeLineJoin -> k
    float mStrokeMiterlimit -> l
    void <init>() -> <init>
    void <init>(android.support.graphics.drawable.VectorDrawableCompat$VFullPath) -> <init>
    void updateStateFromTypedArray(android.content.res.TypedArray,org.xmlpull.v1.XmlPullParser) -> a
android.support.graphics.drawable.VectorDrawableCompat$VGroup -> android.support.a.a.f$c:
    android.graphics.Matrix mStackedMatrix -> a
    java.util.ArrayList mChildren -> b
    float mRotate -> c
    float mPivotX -> d
    float mPivotY -> e
    float mScaleX -> f
    float mScaleY -> g
    float mTranslateX -> h
    float mTranslateY -> i
    android.graphics.Matrix mLocalMatrix -> j
    int mChangingConfigurations -> k
    int[] mThemeAttrs -> l
    java.lang.String mGroupName -> m
    void <init>(android.support.graphics.drawable.VectorDrawableCompat$VGroup,android.support.v4.util.ArrayMap) -> <init>
    void <init>() -> <init>
android.support.graphics.drawable.VectorDrawableCompat$VPath -> android.support.a.a.f$d:
    android.support.graphics.drawable.PathParser$PathDataNode[] mNodes -> m
    java.lang.String mPathName -> n
    int mChangingConfigurations -> o
    void <init>() -> <init>
    void <init>(android.support.graphics.drawable.VectorDrawableCompat$VPath) -> <init>
    void toPath(android.graphics.Path) -> a
    boolean isClipPath() -> a