BLEToolbox/app/build/outputs/mapping/release/usage.txt
com.freescale.bletoolbox.AppConfig:
    public static final java.lang.String FSL_HOME_PAGE
    public static final java.lang.String DEFAULT_WHEEL_CIRCUMFERENCE
    public static final int DEFAULT_REQUEST_TIMEOUT
    public static final int HEART_RATE_UPDATE_INTERVAL
    public static final int HEART_RATE_MIN_VALUE
    public static final int HEART_RATE_MAX_VALUE
    public static final int HEART_RATE_TIME_RANGE
    public static final int BATTERY_UPDATE_INTERVAL
    public static final int DEVICE_SCAN_PERIOD
    public static final int DEVICE_CONTINUOUSLY_SCAN
    public static final int BEACON_OUT_OF_RANGE_PERIOD
    public static final int FSL_MANUFACTURER_ID
    public static final int PROXIMITY_TX_POWER_UPDATE_INTERVAL
    public static final int PROXIMITY_RSSI_UPDATE_INTERVAL
    public static final int MAX_WUART_BUFFER
    public static final int qppServerBufferSize
com.freescale.bletoolbox.BuildConfig
com.freescale.bletoolbox.R
com.freescale.bletoolbox.R$anim
com.freescale.bletoolbox.R$array
com.freescale.bletoolbox.R$attr
com.freescale.bletoolbox.R$bool
com.freescale.bletoolbox.R$color
com.freescale.bletoolbox.R$dimen
com.freescale.bletoolbox.R$drawable
com.freescale.bletoolbox.R$id
com.freescale.bletoolbox.R$integer
com.freescale.bletoolbox.R$layout
com.freescale.bletoolbox.R$menu
com.freescale.bletoolbox.R$mipmap
com.freescale.bletoolbox.R$string
com.freescale.bletoolbox.R$style
com.freescale.bletoolbox.R$styleable
com.freescale.bletoolbox.activity.BaseActivity:
    public static final int REQUEST_ENABLE_BT
com.freescale.bletoolbox.activity.BaseScanActivity:
    public static final java.lang.String INTENT_KEY_TITLE
    public static final java.lang.String INTENT_KEY_SERVICE
    public static final java.lang.String INTENT_KEY_APP
com.freescale.bletoolbox.activity.BaseServiceActivity:
    public static final java.lang.String INTENT_KEY_ADDRESS
    public static final java.lang.String INTENT_KEY_NAME
com.freescale.bletoolbox.activity.BeaconDetailsActivity:
    public static final java.lang.String INTENT_BEACON
com.freescale.bletoolbox.activity.FRMDActivity:
    private android.app.FragmentTransaction fragmentTransaction
    private static final java.lang.String INTENT_KEY_ADDRESS
com.freescale.bletoolbox.activity.GlucoseActivity:
    public static final int UNIT_kgpl
    public static final int UNIT_molpl
    private static final byte OP_CODE_REPORT_STORED_RECORDS
    private static final byte OP_CODE_DELETE_STORED_RECORDS
    private static final byte OP_CODE_ABORT_OPERATION
    private static final byte OP_CODE_REPORT_NUMBER_OF_STORED_RECORDS
    private static final byte OP_CODE_NUMBER_OF_STORED_RECORDS_RESPONSE
    private static final byte OP_CODE_RESPONSE_CODE
    private static final byte OPERATOR_NULL
    private static final byte OPERATOR_ALL_RECORDS
    private static final byte OPERATOR_LESS_OR_EQUAL
    private static final byte OPERATOR_GREATER_OR_EQUAL
    private static final byte OPERATOR_WITHIN_RANGE
    private static final byte OPERATOR_FIRST_RECORD
    private static final byte OPERATOR_LAST_RECORD
    private static final byte RESPONSE_NUMBER_OF_RECORDS
    private static final byte RESPONSE_REQUEST_OP_CODE_RESPONSE_CODE_VALUE
    private static final byte RESPONSE_CODE_SUCESS
com.freescale.bletoolbox.activity.MainActivity:
    private static final int REQUEST_PERMISSION_CODE
com.freescale.bletoolbox.activity.OtapActivity:
    private static final java.lang.String TAG
    private static final int REQUEST_CODE_OPEN_FILE
    private com.freescale.bletoolbox.activity.OtapActivity$SendImageTask m_sendImageTask
com.freescale.bletoolbox.activity.OtapActivity$ValidatingBinFileTask
com.freescale.bletoolbox.activity.ProximityActivity:
    private static final java.lang.String TAG
    private static final int ALERT_LEVEL_OFF
    private static final int ALERT_LEVEL_MILD
    private static final int ALERT_LEVEL_HIGH
    private com.freescale.bletoolbox.model.BLEDevice bleDevice
...
android.support.v4.graphics.BitmapCompat
android.support.v4.graphics.BitmapCompat$BaseBitmapImpl
android.support.v4.graphics.BitmapCompat$BitmapImpl
android.support.v4.graphics.BitmapCompat$HcMr1BitmapCompatImpl
android.support.v4.graphics.BitmapCompat$JbMr2BitmapCompatImpl
android.support.v4.graphics.BitmapCompat$KitKatBitmapCompatImpl
android.support.v4.graphics.BitmapCompatHoneycombMr1
android.support.v4.graphics.BitmapCompatJellybeanMR2
android.support.v4.graphics.BitmapCompatKitKat
android.support.v4.graphics.ColorUtils:
    private static final double XYZ_WHITE_REFERENCE_X
    private static final double XYZ_WHITE_REFERENCE_Y
    private static final double XYZ_WHITE_REFERENCE_Z
    private static final double XYZ_EPSILON
    private static final double XYZ_KAPPA
    private static final int MIN_ALPHA_SEARCH_MAX_ITERATIONS
    private static final int MIN_ALPHA_SEARCH_PRECISION
    42:42:private ColorUtils()
    77:80:public static double calculateLuminance(int)
    91:104:public static double calculateContrast(int,int)
    119:154:public static int calculateMinimumAlpha(int,int,float)
    173:207:public static void RGBToHSL(int,int,int,float[])
    221:222:public static void colorToHSL(int,float[])
    238:288:public static int HSLToColor(float[])
    310:311:public static void colorToLAB(int,double[])
    331:335:public static void RGBToLAB(int,int,int,double[])
    353:354:public static void colorToXYZ(int,double[])
    376:390:public static void RGBToXYZ(int,int,int,double[])
    413:422:public static void XYZToLAB(double,double,double,double[])
    445:459:public static void LABToXYZ(double,double,double,double[])
    476:487:public static int XYZToColor(double,double,double)
    502:504:public static int LABToColor(double,double,double)
    511:513:public static double distanceEuclidean(double[],double[])
    517:517:private static float constrain(float,float,float)
    521:521:private static int constrain(int,int,int)
android.support.v4.graphics.drawable.DrawableCompat:
    496:499:public static android.graphics.drawable.Drawable unwrap(android.graphics.drawable.Drawable)
    530:530:private DrawableCompat()
android.support.v4.graphics.drawable.DrawableCompatApi23:
    24:24:DrawableCompatApi23()
android.support.v4.graphics.drawable.DrawableCompatBase:
    32:32:DrawableCompatBase()
android.support.v4.graphics.drawable.DrawableCompatEclair:
    24:24:DrawableCompatEclair()
android.support.v4.graphics.drawable.DrawableCompatHoneycomb:
    26:26:DrawableCompatHoneycomb()
android.support.v4.graphics.drawable.DrawableCompatJellybeanMr1:
    private static final java.lang.String TAG
    30:30:DrawableCompatJellybeanMr1()
android.support.v4.graphics.drawable.DrawableCompatKitKat:
    26:26:DrawableCompatKitKat()
android.support.v4.graphics.drawable.DrawableCompatLollipop:
    33:33:DrawableCompatLollipop()
android.support.v4.graphics.drawable.RoundedBitmapDrawable
android.support.v4.graphics.drawable.RoundedBitmapDrawable21
android.support.v4.graphics.drawable.RoundedBitmapDrawableFactory
android.support.v4.graphics.drawable.RoundedBitmapDrawableFactory$DefaultRoundedBitmapDrawable
android.support.v4.hardware.display.DisplayManagerCompat
android.support.v4.hardware.display.DisplayManagerCompat$JellybeanMr1Impl
android.support.v4.hardware.display.DisplayManagerCompat$LegacyImpl
android.support.v4.hardware.display.DisplayManagerJellybeanMr1
android.support.v4.hardware.fingerprint.FingerprintManagerCompat
android.support.v4.hardware.fingerprint.FingerprintManagerCompat$Api23FingerprintManagerCompatImpl
android.support.v4.hardware.fingerprint.FingerprintManagerCompat$Api23FingerprintManagerCompatImpl$1
android.support.v4.hardware.fingerprint.FingerprintManagerCompat$AuthenticationCallback
android.support.v4.hardware.fingerprint.FingerprintManagerCompat$AuthenticationResult
android.support.v4.hardware.fingerprint.FingerprintManagerCompat$CryptoObject